[lcoombe@hpce706 d_rerio]$ cat d_rerio_np7_ip0.2_k5_corr700.log 
Running GraphMatch...

Parameters chosen: 
Query Graph: query
Reference Graph: graph_input_700
Correspondences File: dr_corr700.txt
Number of indels allowed: 1
Indel Penalty: 0.20
Non-associated query vertex penalty: 7.00
Number of top results: 5
Scoring Method: negative log(E-value)

Result 1 - score: 2469.087510

Matches: (query \ corresponding vertex)
Rac3 	 7955.ENSDARP00000111723
JNK 	 7955.ENSDARP00000111769
RalGDS 	 7955.ENSDARP00000118941
Ral 	 7955.ENSDARP00000066862
PLD1 	 7955.ENSDARP00000074178
RalBP1 	 7955.ENSDARP00000109736
Rac1 	 7955.ENSDARP00000096950

Edges:
Rac3	--	JNK		7955.ENSDARP00000111723	--	7955.ENSDARP00000111769
Rac3	--	RalGDS		7955.ENSDARP00000111723	--	7955.ENSDARP00000023119	--	7955.ENSDARP00000118941
PLD1	--	Ral		7955.ENSDARP00000074178	--	7955.ENSDARP00000066862
RalBP1	--	Rac1		7955.ENSDARP00000109736	--	7955.ENSDARP00000096950
RalBP1	--	Ral		7955.ENSDARP00000109736	--	7955.ENSDARP00000066862
Ral	--	RalGDS		7955.ENSDARP00000066862	--	7955.ENSDARP00000118941

Result 2 - score: 2469.087510

Matches: (query \ corresponding vertex)
Rac3 	 7955.ENSDARP00000111723
JNK 	 7955.ENSDARP00000111769
RalGDS 	 7955.ENSDARP00000118941
Ral 	 7955.ENSDARP00000066862
PLD1 	 7955.ENSDARP00000073147
RalBP1 	 7955.ENSDARP00000109736
Rac1 	 7955.ENSDARP00000096950

Edges:
Rac3	--	JNK		7955.ENSDARP00000111723	--	7955.ENSDARP00000111769
Rac3	--	RalGDS		7955.ENSDARP00000111723	--	7955.ENSDARP00000023119	--	7955.ENSDARP00000118941
PLD1	--	Ral		7955.ENSDARP00000073147	--	7955.ENSDARP00000066862
RalBP1	--	Rac1		7955.ENSDARP00000109736	--	7955.ENSDARP00000096950
RalBP1	--	Ral		7955.ENSDARP00000109736	--	7955.ENSDARP00000066862
Ral	--	RalGDS		7955.ENSDARP00000066862	--	7955.ENSDARP00000118941

Result 3 - score: 2469.087510

Matches: (query \ corresponding vertex)
Rac3 	 7955.ENSDARP00000111723
JNK 	 7955.ENSDARP00000119001
RalGDS 	 7955.ENSDARP00000118941
Ral 	 7955.ENSDARP00000066862
PLD1 	 7955.ENSDARP00000073092
RalBP1 	 7955.ENSDARP00000109736
Rac1 	 7955.ENSDARP00000096950

Edges:
Rac3	--	JNK		7955.ENSDARP00000111723	--	7955.ENSDARP00000119001
Rac3	--	RalGDS		7955.ENSDARP00000111723	--	7955.ENSDARP00000023119	--	7955.ENSDARP00000118941
PLD1	--	Ral		7955.ENSDARP00000073092	--	7955.ENSDARP00000066862
RalBP1	--	Rac1		7955.ENSDARP00000109736	--	7955.ENSDARP00000096950
RalBP1	--	Ral		7955.ENSDARP00000109736	--	7955.ENSDARP00000066862
Ral	--	RalGDS		7955.ENSDARP00000066862	--	7955.ENSDARP00000118941

Result 4 - score: 2469.087510

Matches: (query \ corresponding vertex)
Rac3 	 7955.ENSDARP00000111723
JNK 	 7955.ENSDARP00000119001
RalGDS 	 7955.ENSDARP00000118941
Ral 	 7955.ENSDARP00000066862
PLD1 	 7955.ENSDARP00000074178
RalBP1 	 7955.ENSDARP00000109736
Rac1 	 7955.ENSDARP00000096950

Edges:
Rac3	--	JNK		7955.ENSDARP00000111723	--	7955.ENSDARP00000119001
Rac3	--	RalGDS		7955.ENSDARP00000111723	--	7955.ENSDARP00000023119	--	7955.ENSDARP00000118941
PLD1	--	Ral		7955.ENSDARP00000074178	--	7955.ENSDARP00000066862
RalBP1	--	Rac1		7955.ENSDARP00000109736	--	7955.ENSDARP00000096950
RalBP1	--	Ral		7955.ENSDARP00000109736	--	7955.ENSDARP00000066862
Ral	--	RalGDS		7955.ENSDARP00000066862	--	7955.ENSDARP00000118941

Result 5 - score: 2469.087510

Matches: (query \ corresponding vertex)
Rac3 	 7955.ENSDARP00000111723
JNK 	 7955.ENSDARP00000119001
RalGDS 	 7955.ENSDARP00000118941
Ral 	 7955.ENSDARP00000066862
PLD1 	 7955.ENSDARP00000073147
RalBP1 	 7955.ENSDARP00000109736
Rac1 	 7955.ENSDARP00000096950

Edges:
Rac3	--	JNK		7955.ENSDARP00000111723	--	7955.ENSDARP00000119001
Rac3	--	RalGDS		7955.ENSDARP00000111723	--	7955.ENSDARP00000023119	--	7955.ENSDARP00000118941
PLD1	--	Ral		7955.ENSDARP00000073147	--	7955.ENSDARP00000066862
RalBP1	--	Rac1		7955.ENSDARP00000109736	--	7955.ENSDARP00000096950
RalBP1	--	Ral		7955.ENSDARP00000109736	--	7955.ENSDARP00000066862
Ral	--	RalGDS		7955.ENSDARP00000066862	--	7955.ENSDARP00000118941

	Command being timed: "python ../GraphMatch_curr.py -k 5 -ip 0.2 -np 7 query graph_input_700 dr_corr700.txt"
	User time (seconds): 836.60
	System time (seconds): 8.87
	Percent of CPU this job got: 99%
	Elapsed (wall clock) time (h:mm:ss or m:ss): 14:05.92
	Average shared text size (kbytes): 0
	Average unshared data size (kbytes): 0
	Average stack size (kbytes): 0
	Average total size (kbytes): 0
	Maximum resident set size (kbytes): 2235732
	Average resident set size (kbytes): 0
	Major (requiring I/O) page faults: 0
	Minor (reclaiming a frame) page faults: 4218369
	Voluntary context switches: 1770
	Involuntary context switches: 1247
	Swaps: 0
	File system inputs: 0
	File system outputs: 8
	Socket messages sent: 0
	Socket messages received: 0
	Signals delivered: 0
	Page size (bytes): 4096
	Exit status: 0