[lcoombe@hpce706 graphmatch]$ cat d_rerio/d_rerio_np7_ip0.2_k5_corr900.log 
Running GraphMatch...

Parameters chosen: 
Query Graph: d_rerio/query
Reference Graph: d_rerio/graph_input_900
Correspondences File: d_rerio/dr_corr900.txt
Number of indels allowed: 1
Indel Penalty: 0.20
Non-associated query vertex penalty: 7.00
Number of top results: 5
Scoring Method: negative log(E-value)

Result 1 - score: 2265.677701

Matches: (query \ corresponding vertex)
Rac3 	 7955.ENSDARP00000096950
JNK 	 7955.ENSDARP00000111769
RalGDS 	 7955.ENSDARP00000118941
Ral 	 7955.ENSDARP00000040644
PLD1 	 7955.ENSDARP00000074178
RalBP1 	 7955.ENSDARP00000109736
Rac1 	 7955.ENSDARP00000096950

Edges:
Rac3	--	JNK		7955.ENSDARP00000096950	--	7955.ENSDARP00000111769
Rac3	--	RalGDS		7955.ENSDARP00000096950	--	7955.ENSDARP00000093618	--	7955.ENSDARP00000118941
PLD1	--	Ral		7955.ENSDARP00000074178	--	7955.ENSDARP00000040644
RalBP1	--	Rac1		7955.ENSDARP00000109736	--	7955.ENSDARP00000098684	--	7955.ENSDARP00000096950
RalBP1	--	Ral		7955.ENSDARP00000109736	--	7955.ENSDARP00000106947	--	7955.ENSDARP00000040644
Ral	--	RalGDS		7955.ENSDARP00000040644	--	7955.ENSDARP00000043297	--	7955.ENSDARP00000118941

Result 2 - score: 2265.677701

Matches: (query \ corresponding vertex)
Rac3 	 7955.ENSDARP00000096950
JNK 	 7955.ENSDARP00000111769
RalGDS 	 7955.ENSDARP00000118941
Ral 	 7955.ENSDARP00000040644
PLD1 	 7955.ENSDARP00000073147
RalBP1 	 7955.ENSDARP00000109736
Rac1 	 7955.ENSDARP00000096950

Edges:
Rac3	--	JNK		7955.ENSDARP00000096950	--	7955.ENSDARP00000111769
Rac3	--	RalGDS		7955.ENSDARP00000096950	--	7955.ENSDARP00000093618	--	7955.ENSDARP00000118941
PLD1	--	Ral		7955.ENSDARP00000073147	--	7955.ENSDARP00000040644
RalBP1	--	Rac1		7955.ENSDARP00000109736	--	7955.ENSDARP00000098684	--	7955.ENSDARP00000096950
RalBP1	--	Ral		7955.ENSDARP00000109736	--	7955.ENSDARP00000106947	--	7955.ENSDARP00000040644
Ral	--	RalGDS		7955.ENSDARP00000040644	--	7955.ENSDARP00000043297	--	7955.ENSDARP00000118941

Result 3 - score: 2265.677701

Matches: (query \ corresponding vertex)
Rac3 	 7955.ENSDARP00000096950
JNK 	 7955.ENSDARP00000119001
RalGDS 	 7955.ENSDARP00000118941
Ral 	 7955.ENSDARP00000040644
PLD1 	 7955.ENSDARP00000073092
RalBP1 	 7955.ENSDARP00000109736
Rac1 	 7955.ENSDARP00000096950

Edges:
Rac3	--	JNK		7955.ENSDARP00000096950	--	7955.ENSDARP00000119001
Rac3	--	RalGDS		7955.ENSDARP00000096950	--	7955.ENSDARP00000093618	--	7955.ENSDARP00000118941
PLD1	--	Ral		7955.ENSDARP00000073092	--	7955.ENSDARP00000040644
RalBP1	--	Rac1		7955.ENSDARP00000109736	--	7955.ENSDARP00000098684	--	7955.ENSDARP00000096950
RalBP1	--	Ral		7955.ENSDARP00000109736	--	7955.ENSDARP00000106947	--	7955.ENSDARP00000040644
Ral	--	RalGDS		7955.ENSDARP00000040644	--	7955.ENSDARP00000043297	--	7955.ENSDARP00000118941

Result 4 - score: 2265.677701

Matches: (query \ corresponding vertex)
Rac3 	 7955.ENSDARP00000096950
JNK 	 7955.ENSDARP00000119001
RalGDS 	 7955.ENSDARP00000118941
Ral 	 7955.ENSDARP00000040644
PLD1 	 7955.ENSDARP00000074178
RalBP1 	 7955.ENSDARP00000109736
Rac1 	 7955.ENSDARP00000096950

Edges:
Rac3	--	JNK		7955.ENSDARP00000096950	--	7955.ENSDARP00000119001
Rac3	--	RalGDS		7955.ENSDARP00000096950	--	7955.ENSDARP00000093618	--	7955.ENSDARP00000118941
PLD1	--	Ral		7955.ENSDARP00000074178	--	7955.ENSDARP00000040644
RalBP1	--	Rac1		7955.ENSDARP00000109736	--	7955.ENSDARP00000098684	--	7955.ENSDARP00000096950
RalBP1	--	Ral		7955.ENSDARP00000109736	--	7955.ENSDARP00000106947	--	7955.ENSDARP00000040644
Ral	--	RalGDS		7955.ENSDARP00000040644	--	7955.ENSDARP00000043297	--	7955.ENSDARP00000118941

Result 5 - score: 2265.677701

Matches: (query \ corresponding vertex)
Rac3 	 7955.ENSDARP00000096950
JNK 	 7955.ENSDARP00000119001
RalGDS 	 7955.ENSDARP00000118941
Ral 	 7955.ENSDARP00000040644
PLD1 	 7955.ENSDARP00000073147
RalBP1 	 7955.ENSDARP00000109736
Rac1 	 7955.ENSDARP00000096950

Edges:
Rac3	--	JNK		7955.ENSDARP00000096950	--	7955.ENSDARP00000119001
Rac3	--	RalGDS		7955.ENSDARP00000096950	--	7955.ENSDARP00000093618	--	7955.ENSDARP00000118941
PLD1	--	Ral		7955.ENSDARP00000073147	--	7955.ENSDARP00000040644
RalBP1	--	Rac1		7955.ENSDARP00000109736	--	7955.ENSDARP00000098684	--	7955.ENSDARP00000096950
RalBP1	--	Ral		7955.ENSDARP00000109736	--	7955.ENSDARP00000106947	--	7955.ENSDARP00000040644
Ral	--	RalGDS		7955.ENSDARP00000040644	--	7955.ENSDARP00000043297	--	7955.ENSDARP00000118941
