[lcoombe@hpce706 graphmatch]$ cat pan_data/graphmatch/p_troglodytes_np7_ip0.2_k5_corr900.log 
Running GraphMatch...

Parameters chosen: 
Query Graph: pan_data/graphmatch/query
Reference Graph: pan_data/graphmatch/graph_input_900
Correspondences File: pan_data/graphmatch/pan_corr900.tsv
Number of indels allowed: 1
Indel Penalty: 0.20
Non-associated query vertex penalty: 7.00
Number of top results: 5
Scoring Method: negative log(E-value)

Result 1 - score: 2445.473873

Matches: (query \ corresponding vertex)
Rac3 	 9598.ENSPTRP00000025759
JNK 	 9598.ENSPTRP00000030121
RalGDS 	 9598.ENSPTRP00000036808
Ral 	 9598.ENSPTRP00000032640
PLD1 	 9598.ENSPTRP00000042550
RalBP1 	 9598.ENSPTRP00000049508
Rac1 	 9598.ENSPTRP00000043196

Edges:
Rac3	--	JNK		9598.ENSPTRP00000025759	--	9598.ENSPTRP00000030121
Rac3	--	RalGDS		9598.ENSPTRP00000025759	--	9598.ENSPTRP00000039442	--	9598.ENSPTRP00000036808
PLD1	--	Ral		9598.ENSPTRP00000042550	--	9598.ENSPTRP00000032640
RalBP1	--	Rac1		9598.ENSPTRP00000049508	--	9598.ENSPTRP00000043196
RalBP1	--	Ral		9598.ENSPTRP00000049508	--	9598.ENSPTRP00000032640
Ral	--	RalGDS		9598.ENSPTRP00000032640	--	9598.ENSPTRP00000036808

Result 2 - score: 2445.473873

Matches: (query \ corresponding vertex)
Rac3 	 9598.ENSPTRP00000025759
JNK 	 9598.ENSPTRP00000040692
RalGDS 	 9598.ENSPTRP00000036808
Ral 	 9598.ENSPTRP00000032640
PLD1 	 9598.ENSPTRP00000042550
RalBP1 	 9598.ENSPTRP00000049508
Rac1 	 9598.ENSPTRP00000043196

Edges:
Rac3	--	JNK		9598.ENSPTRP00000025759	--	9598.ENSPTRP00000040692
Rac3	--	RalGDS		9598.ENSPTRP00000025759	--	9598.ENSPTRP00000039442	--	9598.ENSPTRP00000036808
PLD1	--	Ral		9598.ENSPTRP00000042550	--	9598.ENSPTRP00000032640
RalBP1	--	Rac1		9598.ENSPTRP00000049508	--	9598.ENSPTRP00000043196
RalBP1	--	Ral		9598.ENSPTRP00000049508	--	9598.ENSPTRP00000032640
Ral	--	RalGDS		9598.ENSPTRP00000032640	--	9598.ENSPTRP00000036808

Result 3 - score: 2445.273873

Matches: (query \ corresponding vertex)
Rac3 	 9598.ENSPTRP00000025759
JNK 	 9598.ENSPTRP00000027906
RalGDS 	 9598.ENSPTRP00000036808
Ral 	 9598.ENSPTRP00000032640
PLD1 	 9598.ENSPTRP00000042550
RalBP1 	 9598.ENSPTRP00000049508
Rac1 	 9598.ENSPTRP00000043196

Edges:
Rac3	--	JNK		9598.ENSPTRP00000025759	--	9598.ENSPTRP00000011131	--	9598.ENSPTRP00000027906
Rac3	--	RalGDS		9598.ENSPTRP00000025759	--	9598.ENSPTRP00000039442	--	9598.ENSPTRP00000036808
PLD1	--	Ral		9598.ENSPTRP00000042550	--	9598.ENSPTRP00000032640
RalBP1	--	Rac1		9598.ENSPTRP00000049508	--	9598.ENSPTRP00000043196
RalBP1	--	Ral		9598.ENSPTRP00000049508	--	9598.ENSPTRP00000032640
Ral	--	RalGDS		9598.ENSPTRP00000032640	--	9598.ENSPTRP00000036808

Result 4 - score: 2392.514416

Matches: (query \ corresponding vertex)
Rac3 	 9598.ENSPTRP00000025759
JNK 	 9598.ENSPTRP00000030121
RalGDS 	 9598.ENSPTRP00000036808
Ral 	 9598.ENSPTRP00000032640
PLD1 	 9598.ENSPTRP00000042550
RalBP1 	 9598.ENSPTRP00000049508
Rac1 	 9598.ENSPTRP00000000548

Edges:
Rac3	--	JNK		9598.ENSPTRP00000025759	--	9598.ENSPTRP00000030121
Rac3	--	RalGDS		9598.ENSPTRP00000025759	--	9598.ENSPTRP00000039442	--	9598.ENSPTRP00000036808
PLD1	--	Ral		9598.ENSPTRP00000042550	--	9598.ENSPTRP00000032640
RalBP1	--	Rac1		9598.ENSPTRP00000049508	--	9598.ENSPTRP00000000548
RalBP1	--	Ral		9598.ENSPTRP00000049508	--	9598.ENSPTRP00000032640
Ral	--	RalGDS		9598.ENSPTRP00000032640	--	9598.ENSPTRP00000036808

Result 5 - score: 2392.514416

Matches: (query \ corresponding vertex)
Rac3 	 9598.ENSPTRP00000025759
JNK 	 9598.ENSPTRP00000040692
RalGDS 	 9598.ENSPTRP00000036808
Ral 	 9598.ENSPTRP00000032640
PLD1 	 9598.ENSPTRP00000042550
RalBP1 	 9598.ENSPTRP00000049508
Rac1 	 9598.ENSPTRP00000000548

Edges:
Rac3	--	JNK		9598.ENSPTRP00000025759	--	9598.ENSPTRP00000040692
Rac3	--	RalGDS		9598.ENSPTRP00000025759	--	9598.ENSPTRP00000039442	--	9598.ENSPTRP00000036808
PLD1	--	Ral		9598.ENSPTRP00000042550	--	9598.ENSPTRP00000032640
RalBP1	--	Rac1		9598.ENSPTRP00000049508	--	9598.ENSPTRP00000000548
RalBP1	--	Ral		9598.ENSPTRP00000049508	--	9598.ENSPTRP00000032640
Ral	--	RalGDS		9598.ENSPTRP00000032640	--	9598.ENSPTRP00000036808
