Result 1 - score: 2562.394887

Matches: (query \ corresponding vertex)
Rac3 	 10090.ENSMUSP00000018156
JNK 	 10090.ENSMUSP00000020634
RalGDS 	 10090.ENSMUSP00000097812
Ral 	 10090.ENSMUSP00000009003
PLD1 	 10090.ENSMUSP00000064694
RalBP1 	 10090.ENSMUSP00000024905
Rac1 	 10090.ENSMUSP00000079380

Edges:
Rac3	--	JNK		10090.ENSMUSP00000018156	--	10090.ENSMUSP00000020634
Rac3	--	RalGDS		10090.ENSMUSP00000018156	--	10090.ENSMUSP00000001780	--	10090.ENSMUSP00000097812
PLD1	--	Ral		10090.ENSMUSP00000064694	--	10090.ENSMUSP00000009003
RalBP1	--	Rac1		10090.ENSMUSP00000024905	--	10090.ENSMUSP00000079380
RalBP1	--	Ral		10090.ENSMUSP00000024905	--	10090.ENSMUSP00000009003
Ral	--	RalGDS		10090.ENSMUSP00000009003	--	10090.ENSMUSP00000097812

Result 2 - score: 2562.394887

Matches: (query \ corresponding vertex)
Rac3 	 10090.ENSMUSP00000018156
JNK 	 10090.ENSMUSP00000107576
RalGDS 	 10090.ENSMUSP00000097812
Ral 	 10090.ENSMUSP00000009003
PLD1 	 10090.ENSMUSP00000064694
RalBP1 	 10090.ENSMUSP00000024905
Rac1 	 10090.ENSMUSP00000079380

Edges:
Rac3	--	JNK		10090.ENSMUSP00000018156	--	10090.ENSMUSP00000107576
Rac3	--	RalGDS		10090.ENSMUSP00000018156	--	10090.ENSMUSP00000001780	--	10090.ENSMUSP00000097812
PLD1	--	Ral		10090.ENSMUSP00000064694	--	10090.ENSMUSP00000009003
RalBP1	--	Rac1		10090.ENSMUSP00000024905	--	10090.ENSMUSP00000079380
RalBP1	--	Ral		10090.ENSMUSP00000024905	--	10090.ENSMUSP00000009003
Ral	--	RalGDS		10090.ENSMUSP00000009003	--	10090.ENSMUSP00000097812

Result 3 - score: 2562.394887

Matches: (query \ corresponding vertex)
Rac3 	 10090.ENSMUSP00000018156
JNK 	 10090.ENSMUSP00000108468
RalGDS 	 10090.ENSMUSP00000097812
Ral 	 10090.ENSMUSP00000009003
PLD1 	 10090.ENSMUSP00000064694
RalBP1 	 10090.ENSMUSP00000024905
Rac1 	 10090.ENSMUSP00000079380

Edges:
Rac3	--	JNK		10090.ENSMUSP00000018156	--	10090.ENSMUSP00000108468
Rac3	--	RalGDS		10090.ENSMUSP00000018156	--	10090.ENSMUSP00000001780	--	10090.ENSMUSP00000097812
PLD1	--	Ral		10090.ENSMUSP00000064694	--	10090.ENSMUSP00000009003
RalBP1	--	Rac1		10090.ENSMUSP00000024905	--	10090.ENSMUSP00000079380
RalBP1	--	Ral		10090.ENSMUSP00000024905	--	10090.ENSMUSP00000009003
Ral	--	RalGDS		10090.ENSMUSP00000009003	--	10090.ENSMUSP00000097812

Result 4 - score: 2555.487132

Matches: (query \ corresponding vertex)
Rac3 	 10090.ENSMUSP00000018156
JNK 	 10090.ENSMUSP00000107576
RalGDS 	 10090.ENSMUSP00000097812
Ral 	 10090.ENSMUSP00000009003
PLD1 	 10090.ENSMUSP00000064694
RalBP1 	 10090.ENSMUSP00000024905
Rac1 	 10090.ENSMUSP00000018156

Edges:
Rac3	--	JNK		10090.ENSMUSP00000018156	--	10090.ENSMUSP00000107576
Rac3	--	RalGDS		10090.ENSMUSP00000018156	--	10090.ENSMUSP00000001780	--	10090.ENSMUSP00000097812
PLD1	--	Ral		10090.ENSMUSP00000064694	--	10090.ENSMUSP00000009003
RalBP1	--	Rac1		10090.ENSMUSP00000024905	--	10090.ENSMUSP00000018156
RalBP1	--	Ral		10090.ENSMUSP00000024905	--	10090.ENSMUSP00000009003
Ral	--	RalGDS		10090.ENSMUSP00000009003	--	10090.ENSMUSP00000097812

Result 5 - score: 2555.487132

Matches: (query \ corresponding vertex)
Rac3 	 10090.ENSMUSP00000018156
JNK 	 10090.ENSMUSP00000108468
RalGDS 	 10090.ENSMUSP00000097812
Ral 	 10090.ENSMUSP00000009003
PLD1 	 10090.ENSMUSP00000064694
RalBP1 	 10090.ENSMUSP00000024905
Rac1 	 10090.ENSMUSP00000018156

Edges:
Rac3	--	JNK		10090.ENSMUSP00000018156	--	10090.ENSMUSP00000108468
Rac3	--	RalGDS		10090.ENSMUSP00000018156	--	10090.ENSMUSP00000001780	--	10090.ENSMUSP00000097812
PLD1	--	Ral		10090.ENSMUSP00000064694	--	10090.ENSMUSP00000009003
RalBP1	--	Rac1		10090.ENSMUSP00000024905	--	10090.ENSMUSP00000018156
RalBP1	--	Ral		10090.ENSMUSP00000024905	--	10090.ENSMUSP00000009003
Ral	--	RalGDS		10090.ENSMUSP00000009003	--	10090.ENSMUSP00000097812
