[lcoombe@hpce706 m_musculus]$ cat m_musculus_np7_ip0.2_k5_corr700.log 
Running GraphMatch...

Parameters chosen: 
Query Graph: query
Reference Graph: graph_input_700
Correspondences File: mm_corr700.txt
Number of indels allowed: 1
Indel Penalty: 0.20
Non-associated query vertex penalty: 7.00
Number of top results: 3
Scoring Method: negative log(E-value)

Result 1 - score: 2560.920911

Matches: (query \ corresponding vertex)
Rac3 	 10090.ENSMUSP00000018156
JNK 	 10090.ENSMUSP00000020634
RalGDS 	 10090.ENSMUSP00000097812
Ral 	 10090.ENSMUSP00000009003
PLD1 	 10090.ENSMUSP00000064694
RalBP1 	 10090.ENSMUSP00000024905
Rac1 	 10090.ENSMUSP00000079380

Edges:
Rac3	--	JNK		10090.ENSMUSP00000018156	--	10090.ENSMUSP00000020634
Rac3	--	RalGDS		10090.ENSMUSP00000018156	--	10090.ENSMUSP00000097812
PLD1	--	Ral		10090.ENSMUSP00000064694	--	10090.ENSMUSP00000009003
RalBP1	--	Rac1		10090.ENSMUSP00000024905	--	10090.ENSMUSP00000079380
RalBP1	--	Ral		10090.ENSMUSP00000024905	--	10090.ENSMUSP00000009003
Ral	--	RalGDS		10090.ENSMUSP00000009003	--	10090.ENSMUSP00000097812

Result 2 - score: 2560.920911

Matches: (query \ corresponding vertex)
Rac3 	 10090.ENSMUSP00000018156
JNK 	 10090.ENSMUSP00000107576
RalGDS 	 10090.ENSMUSP00000097812
Ral 	 10090.ENSMUSP00000009003
PLD1 	 10090.ENSMUSP00000064694
RalBP1 	 10090.ENSMUSP00000024905
Rac1 	 10090.ENSMUSP00000079380

Edges:
Rac3	--	JNK		10090.ENSMUSP00000018156	--	10090.ENSMUSP00000107576
Rac3	--	RalGDS		10090.ENSMUSP00000018156	--	10090.ENSMUSP00000097812
PLD1	--	Ral		10090.ENSMUSP00000064694	--	10090.ENSMUSP00000009003
RalBP1	--	Rac1		10090.ENSMUSP00000024905	--	10090.ENSMUSP00000079380
RalBP1	--	Ral		10090.ENSMUSP00000024905	--	10090.ENSMUSP00000009003
Ral	--	RalGDS		10090.ENSMUSP00000009003	--	10090.ENSMUSP00000097812

Result 3 - score: 2560.920911

Matches: (query \ corresponding vertex)
Rac3 	 10090.ENSMUSP00000018156
JNK 	 10090.ENSMUSP00000108468
RalGDS 	 10090.ENSMUSP00000097812
Ral 	 10090.ENSMUSP00000009003
PLD1 	 10090.ENSMUSP00000064694
RalBP1 	 10090.ENSMUSP00000024905
Rac1 	 10090.ENSMUSP00000079380

Edges:
Rac3	--	JNK		10090.ENSMUSP00000018156	--	10090.ENSMUSP00000108468
Rac3	--	RalGDS		10090.ENSMUSP00000018156	--	10090.ENSMUSP00000097812
PLD1	--	Ral		10090.ENSMUSP00000064694	--	10090.ENSMUSP00000009003
RalBP1	--	Rac1		10090.ENSMUSP00000024905	--	10090.ENSMUSP00000079380
RalBP1	--	Ral		10090.ENSMUSP00000024905	--	10090.ENSMUSP00000009003
Ral	--	RalGDS		10090.ENSMUSP00000009003	--	10090.ENSMUSP00000097812

	Command being timed: "python ../GraphMatch_curr.py -np 7 -ip 0.2 query graph_input_700 mm_corr700.txt"
	User time (seconds): 128.01
	System time (seconds): 1.61
	Percent of CPU this job got: 99%
	Elapsed (wall clock) time (h:mm:ss or m:ss): 2:09.83
	Average shared text size (kbytes): 0
	Average unshared data size (kbytes): 0
	Average stack size (kbytes): 0
	Average total size (kbytes): 0
	Maximum resident set size (kbytes): 576812
	Average resident set size (kbytes): 0
	Major (requiring I/O) page faults: 0
	Minor (reclaiming a frame) page faults: 1028972
	Voluntary context switches: 822
	Involuntary context switches: 197
	Swaps: 0
	File system inputs: 0
	File system outputs: 8
	Socket messages sent: 0
	Socket messages received: 0
	Signals delivered: 0
	Page size (bytes): 4096
	Exit status: 0