[lcoombe@hpce706 d_melanogaster]$ cat d_melanogaster_np7_ip0.2_k5_corr700.log 
Running GraphMatch...

Parameters chosen: 
Query Graph: query
Reference Graph: graph_input_700
Correspondences File: pan_corr700.txt
Number of indels allowed: 1
Indel Penalty: 0.20
Non-associated query vertex penalty: 7.00
Number of top results: 3
Scoring Method: negative log(E-value)

Result 1 - score: 1583.038537

Matches: (query \ corresponding vertex)
Rac3 	 7227.FBpp0304252
JNK 	 7227.FBpp0079676
RalGDS 	 7227.FBpp0303219
Ral 	 7227.FBpp0070558
PLD1 	 7227.FBpp0112984
RalBP1 	 7227.FBpp0083406
Rac1 	 7227.FBpp0304252

Edges:
Rac3	--	JNK		7227.FBpp0304252	--	7227.FBpp0079676
Rac3	--	RalGDS		7227.FBpp0304252	--	7227.FBpp0083406	--	7227.FBpp0303219
PLD1	--	Ral		7227.FBpp0112984	--	7227.FBpp0070558
RalBP1	--	Rac1		7227.FBpp0083406	--	7227.FBpp0304252
RalBP1	--	Ral		7227.FBpp0083406	--	7227.FBpp0070558
Ral	--	RalGDS		7227.FBpp0070558	--	7227.FBpp0303219

Result 2 - score: 1580.735952

Matches: (query \ corresponding vertex)
Rac3 	 7227.FBpp0304252
JNK 	 7227.FBpp0079676
RalGDS 	 7227.FBpp0303219
Ral 	 7227.FBpp0070558
PLD1 	 7227.FBpp0112984
RalBP1 	 7227.FBpp0083406
Rac1 	 7227.FBpp0305023

Edges:
Rac3	--	JNK		7227.FBpp0304252	--	7227.FBpp0079676
Rac3	--	RalGDS		7227.FBpp0304252	--	7227.FBpp0083406	--	7227.FBpp0303219
PLD1	--	Ral		7227.FBpp0112984	--	7227.FBpp0070558
RalBP1	--	Rac1		7227.FBpp0083406	--	7227.FBpp0305023
RalBP1	--	Ral		7227.FBpp0083406	--	7227.FBpp0070558
Ral	--	RalGDS		7227.FBpp0070558	--	7227.FBpp0303219

Result 3 - score: 1576.823929

Matches: (query \ corresponding vertex)
Rac3 	 7227.FBpp0305023
JNK 	 7227.FBpp0079676
RalGDS 	 7227.FBpp0303219
Ral 	 7227.FBpp0070558
PLD1 	 7227.FBpp0112984
RalBP1 	 7227.FBpp0083406
Rac1 	 7227.FBpp0304252

Edges:
Rac3	--	JNK		7227.FBpp0305023	--	7227.FBpp0079676
Rac3	--	RalGDS		7227.FBpp0305023	--	7227.FBpp0083406	--	7227.FBpp0303219
PLD1	--	Ral		7227.FBpp0112984	--	7227.FBpp0070558
RalBP1	--	Rac1		7227.FBpp0083406	--	7227.FBpp0304252
RalBP1	--	Ral		7227.FBpp0083406	--	7227.FBpp0070558
Ral	--	RalGDS		7227.FBpp0070558	--	7227.FBpp0303219

	Command being timed: "python ../GraphMatch_curr.py -np 7 -ip 0.2 query graph_input_700 pan_corr700.txt"
	User time (seconds): 1434.87
	System time (seconds): 15.20
	Percent of CPU this job got: 100%
	Elapsed (wall clock) time (h:mm:ss or m:ss): 24:09.13
	Average shared text size (kbytes): 0
	Average unshared data size (kbytes): 0
	Average stack size (kbytes): 0
	Average total size (kbytes): 0
	Maximum resident set size (kbytes): 3888816
	Average resident set size (kbytes): 0
	Major (requiring I/O) page faults: 0
	Minor (reclaiming a frame) page faults: 9735723
	Voluntary context switches: 1765
	Involuntary context switches: 2377
	Swaps: 0
	File system inputs: 0
	File system outputs: 8
	Socket messages sent: 0
	Socket messages received: 0
	Signals delivered: 0
	Page size (bytes): 4096
	Exit status: 0